<?xml version="1.0" encoding="UTF-8"?>
<testng-results skipped="0" failed="0" ignored="0" total="1" passed="1">
  <reporter-output>
  </reporter-output>
  <suite name="Surefire suite" duration-ms="23" started-at="2022-07-02T16:26:57 CST" finished-at="2022-07-02T16:26:57 CST">
    <groups>
    </groups>
    <test name="Surefire test" duration-ms="23" started-at="2022-07-02T16:26:57 CST" finished-at="2022-07-02T16:26:57 CST">
      <class name="org.example.AppTest">
        <test-method status="PASS" signature="shouldAnswerWithTrue()" name="shouldAnswerWithTrue" duration-ms="4" started-at="2022-07-02T16:26:57 CST" finished-at="2022-07-02T16:26:57 CST">
          <reporter-output>
          </reporter-output>
        </test-method> <!-- shouldAnswerWithTrue -->
      </class> <!-- org.example.AppTest -->
    </test> <!-- Surefire test -->
  </suite> <!-- Surefire suite -->
</testng-results>
